[Sun Jan 14 22:38:21.284635 2024] [ssl:warn] [pid 15380:tid 412] AH01909: www.example.com:443:0 server certificate does NOT include an ID which matches the server name
[Sun Jan 14 22:38:21.323374 2024] [ssl:warn] [pid 15380:tid 412] AH01909: www.example.com:443:0 server certificate does NOT include an ID which matches the server name
[Sun Jan 14 22:38:21.358961 2024] [mpm_winnt:notice] [pid 15380:tid 412] AH00455: Apache/2.4.58 (Win64) OpenSSL/3.1.3 PHP/8.2.12 configured -- resuming normal operations
[Sun Jan 14 22:38:21.358961 2024] [mpm_winnt:notice] [pid 15380:tid 412] AH00456: Apache Lounge VS17 Server built: Oct 18 2023 13:03:18
[Sun Jan 14 22:38:21.358961 2024] [core:notice] [pid 15380:tid 412] AH00094: Command line: 'D:\\XAMPP\\apache\\bin\\httpd.exe -d D:/XAMPP/apache'
[Sun Jan 14 22:38:21.363978 2024] [mpm_winnt:notice] [pid 15380:tid 412] AH00418: Parent: Created child process 3064
[Sun Jan 14 22:38:21.703006 2024] [ssl:warn] [pid 3064:tid 408] AH01909: www.example.com:443:0 server certificate does NOT include an ID which matches the server name
[Sun Jan 14 22:38:21.732144 2024] [ssl:warn] [pid 3064:tid 408] AH01909: www.example.com:443:0 server certificate does NOT include an ID which matches the server name
[Sun Jan 14 22:38:21.761730 2024] [mpm_winnt:notice] [pid 3064:tid 408] AH00354: Child: Starting 150 worker threads.
[Sun Jan 14 22:48:35.125589 2024] [ssl:warn] [pid 4800:tid 392] AH01909: www.example.com:443:0 server certificate does NOT include an ID which matches the server name
[Sun Jan 14 22:48:35.158662 2024] [ssl:warn] [pid 4800:tid 392] AH01909: www.example.com:443:0 server certificate does NOT include an ID which matches the server name
[Sun Jan 14 22:48:35.187773 2024] [mpm_winnt:notice] [pid 4800:tid 392] AH00455: Apache/2.4.58 (Win64) OpenSSL/3.1.3 PHP/8.2.12 configured -- resuming normal operations
[Sun Jan 14 22:48:35.187773 2024] [mpm_winnt:notice] [pid 4800:tid 392] AH00456: Apache Lounge VS17 Server built: Oct 18 2023 13:03:18
[Sun Jan 14 22:48:35.187773 2024] [core:notice] [pid 4800:tid 392] AH00094: Command line: 'd:\\xampp\\apache\\bin\\httpd.exe -d D:/XAMPP/apache'
[Sun Jan 14 22:48:35.190738 2024] [mpm_winnt:notice] [pid 4800:tid 392] AH00418: Parent: Created child process 9900
[Sun Jan 14 22:48:35.414595 2024] [ssl:warn] [pid 9900:tid 424] AH01909: www.example.com:443:0 server certificate does NOT include an ID which matches the server name
[Sun Jan 14 22:48:35.444199 2024] [ssl:warn] [pid 9900:tid 424] AH01909: www.example.com:443:0 server certificate does NOT include an ID which matches the server name
[Sun Jan 14 22:48:35.473393 2024] [mpm_winnt:notice] [pid 9900:tid 424] AH00354: Child: Starting 150 worker threads.
[Mon Jan 15 15:06:36.808074 2024] [ssl:warn] [pid 3760:tid 432] AH01909: www.example.com:443:0 server certificate does NOT include an ID which matches the server name
[Mon Jan 15 15:06:36.846173 2024] [core:warn] [pid 3760:tid 432] AH00098: pid file D:/XAMPP/apache/logs/httpd.pid overwritten -- Unclean shutdown of previous Apache run?
[Mon Jan 15 15:06:36.849190 2024] [ssl:warn] [pid 3760:tid 432] AH01909: www.example.com:443:0 server certificate does NOT include an ID which matches the server name
[Mon Jan 15 15:06:37.009838 2024] [mpm_winnt:notice] [pid 3760:tid 432] AH00455: Apache/2.4.58 (Win64) OpenSSL/3.1.3 PHP/8.2.12 configured -- resuming normal operations
[Mon Jan 15 15:06:37.009838 2024] [mpm_winnt:notice] [pid 3760:tid 432] AH00456: Apache Lounge VS17 Server built: Oct 18 2023 13:03:18
[Mon Jan 15 15:06:37.009838 2024] [core:notice] [pid 3760:tid 432] AH00094: Command line: 'd:\\xampp\\apache\\bin\\httpd.exe -d D:/XAMPP/apache'
[Mon Jan 15 15:06:37.013835 2024] [mpm_winnt:notice] [pid 3760:tid 432] AH00418: Parent: Created child process 18076
[Mon Jan 15 15:06:37.364057 2024] [ssl:warn] [pid 18076:tid 412] AH01909: www.example.com:443:0 server certificate does NOT include an ID which matches the server name
[Mon Jan 15 15:06:37.410085 2024] [ssl:warn] [pid 18076:tid 412] AH01909: www.example.com:443:0 server certificate does NOT include an ID which matches the server name
[Mon Jan 15 15:06:37.457681 2024] [mpm_winnt:notice] [pid 18076:tid 412] AH00354: Child: Starting 150 worker threads.
